app/build/outputs/logs/manifest-merger-debug-report.txt
-- Merging decision tree log ---
manifest
ADDED from src\main\AndroidManifest.xml:2:1-512:12
	package
		ADDED from src\main\AndroidManifest.xml:4:5-39
		INJECTED from src\main\AndroidManifest.xml
		INJECTED from src\main\AndroidManifest.xml
	android:versionName
		ADDED from src\main\AndroidManifest.xml:6:5-32
		INJECTED from src\main\AndroidManifest.xml
		INJECTED from src\main\AndroidManifest.xml
	xmlns:tools
		ADDED from src\main\AndroidManifest.xml:3:5-51
	android:versionCode
		ADDED from src\main\AndroidManifest.xml:5:5-29
		INJECTED from src\main\AndroidManifest.xml
		INJECTED from src\main\AndroidManifest.xml
	xmlns:android
		ADDED from src\main\AndroidManifest.xml:2:11-69
uses-sdk
ADDED from src\main\AndroidManifest.xml:8:5-11:57
MERGED from [ChatDemoUI3.0:redpacketlibrary:unspecified] AndroidManifest.xml:7:5-9:41
MERGED from [com.hyphenate.redpacket:redpacket-alipay:1.1.2] AndroidManifest.xml:8:5-10:41
MERGED from [ChatDemoUI3.0:easeui:unspecified] AndroidManifest.xml:5:5-7:41
MERGED from [com.google.android.gms:play-services-base:11.4.0] AndroidManifest.xml:17:5-43
MERGED from [com.android.support:multidex:1.0.1] AndroidManifest.xml:18:5-42
MERGED from [com.google.firebase:firebase-messaging:11.4.0] AndroidManifest.xml:17:5-43
MERGED from [com.scwang.smartrefresh:SmartRefreshLayout:1.0.3] AndroidManifest.xml:7:5-9:41
MERGED from [com.android.support:design:26.0.0-alpha1] AndroidManifest.xml:21:5-23:62
MERGED from [com.android.support:recyclerview-v7:26.0.0-alpha1] AndroidManifest.xml:20:5-44
MERGED from [com.android.support:transition:26.0.0-alpha1] AndroidManifest.xml:20:5-44
MERGED from [com.android.support:cardview-v7:26.1.0] AndroidManifest.xml:20:5-44
MERGED from [io.reactivex:rxandroid:1.0.1] AndroidManifest.xml:19:5-43
MERGED from [com.mylhyl:acp:1.1.7] AndroidManifest.xml:7:5-9:41
MERGED from [com.android.support:appcompat-v7:26.0.0-alpha1] AndroidManifest.xml:21:5-23:78
MERGED from [com.android.support:animated-vector-drawable:26.0.0-alpha1] AndroidManifest.xml:20:5-44
MERGED from [com.android.support:support-vector-drawable:26.0.0-alpha1] AndroidManifest.xml:20:5-44
MERGED from [com.orhanobut:logger:1.11] AndroidManifest.xml:8:5-10:41
MERGED from [com.jakewharton:butterknife:8.0.1] AndroidManifest.xml:5:5-43
MERGED from [com.google.firebase:firebase-core:11.4.0] AndroidManifest.xml:4:5-43
MERGED from [com.google.firebase:firebase-analytics:11.4.0] AndroidManifest.xml:17:5-43
MERGED from [com.google.firebase:firebase-analytics-impl:11.4.0] AndroidManifest.xml:17:5-43
MERGED from [com.google.firebase:firebase-iid:11.4.0] AndroidManifest.xml:17:5-43
MERGED from [com.google.firebase:firebase-common:11.4.0] AndroidManifest.xml:3:5-43
MERGED from [com.google.android.gms:play-services-tasks:11.4.0] AndroidManifest.xml:3:5-43
MERGED from [com.google.android.gms:play-services-basement:11.4.0] AndroidManifest.xml:17:5-43
MERGED from [com.android.support:support-v4:26.0.0-alpha1] AndroidManifest.xml:21:5-23:54
MERGED from [com.android.support:support-media-compat:26.0.0-alpha1] AndroidManifest.xml:21:5-23:63
MERGED from [com.android.support:support-fragment:26.0.0-alpha1] AndroidManifest.xml:21:5-23:60
MERGED from [com.android.support:support-core-ui:26.0.0-alpha1] AndroidManifest.xml:21:5-23:58
MERGED from [com.android.support:support-core-utils:26.0.0-alpha1] AndroidManifest.xml:21:5-23:61
MERGED from [com.android.support:support-compat:26.0.0-alpha1] AndroidManifest.xml:21:5-23:58
	tools:overrideLibrary
		ADDED from src\main\AndroidManifest.xml:11:9-54
	android:targetSdkVersion
		ADDED from src\main\AndroidManifest.xml:10:9-38
		INJECTED from src\main\AndroidManifest.xml
		INJECTED from src\main\AndroidManifest.xml
	android:minSdkVersion
		ADDED from src\main\AndroidManifest.xml:9:9-35
		INJECTED from src\main\AndroidManifest.xml
		INJECTED from src\main\AndroidManifest.xml
uses-permission#android.permission.VIBRATE
ADDED from src\main\AndroidManifest.xml:13:5-66
	android:name
		ADDED from src\main\AndroidManifest.xml:13:22-63
uses-permission#android.permission.INTERNET
ADDED from src\main\AndroidManifest.xml:14:5-67
MERGED from [com.google.firebase:firebase-analytics:11.4.0] AndroidManifest.xml:20:5-66
MERGED from [com.google.firebase:firebase-analytics-impl:11.4.0] AndroidManifest.xml:20:5-66
MERGED from [com.google.firebase:firebase-iid:11.4.0] AndroidManifest.xml:20:5-66
	android:name
		ADDED from src\main\AndroidManifest.xml:14:22-64
uses-permission#android.permission.RECORD_AUDIO
ADDED from src\main\AndroidManifest.xml:15:5-71
	android:name
		ADDED from src\main\AndroidManifest.xml:15:22-68
uses-permission#android.permission.CAMERA
ADDED from src\main\AndroidManifest.xml:16:5-65
	android:name
		ADDED from src\main\AndroidManifest.xml:16:22-62
uses-permission#android.permission.ACCESS_NETWORK_STATE
ADDED from src\main\AndroidManifest.xml:17:5-79
MERGED from [com.google.firebase:firebase-analytics:11.4.0] AndroidManifest.xml:21:5-78
MERGED from [com.google.firebase:firebase-analytics-impl:11.4.0] AndroidManifest.xml:21:5-78
MERGED from [com.google.firebase:firebase-iid:11.4.0] AndroidManifest.xml:19:5-78
	android:name
		ADDED from src\main\AndroidManifest.xml:17:22-76
uses-permission#android.permission.CHANGE_NETWORK_STATE
ADDED from src\main\AndroidManifest.xml:18:5-79
	android:name
		ADDED from src\main\AndroidManifest.xml:18:22-76
uses-permission#android.permission.WRITE_EXTERNAL_STORAGE
ADDED from src\main\AndroidManifest.xml:19:5-81
	android:name
		ADDED from src\main\AndroidManifest.xml:19:22-78
uses-permission#android.permission.MOUNT_UNMOUNT_FILESYSTEMS
ADDED from src\main\AndroidManifest.xml:20:5-84
	android:name
		ADDED from src\main\AndroidManifest.xml:20:22-81
uses-permission#android.permission.ACCESS_FINE_LOCATION
ADDED from src\main\AndroidManifest.xml:21:5-79
	android:name
		ADDED from src\main\AndroidManifest.xml:21:22-76
uses-permission#android.permission.GET_TASKS
ADDED from src\main\AndroidManifest.xml:22:5-68
	android:name
		ADDED from src\main\AndroidManifest.xml:22:22-65
uses-permission#android.permission.ACCESS_WIFI_STATE
ADDED from src\main\AndroidManifest.xml:23:5-76
	android:name
		ADDED from src\main\AndroidManifest.xml:23:22-73
uses-permission#android.permission.CHANGE_WIFI_STATE
ADDED from src\main\AndroidManifest.xml:24:5-76
	android:name
		ADDED from src\main\AndroidManifest.xml:24:22-73
uses-permission#android.permission.WAKE_LOCK
ADDED from src\main\AndroidManifest.xml:25:5-68
MERGED from [com.google.firebase:firebase-analytics:11.4.0] AndroidManifest.xml:22:5-67
MERGED from [com.google.firebase:firebase-analytics-impl:11.4.0] AndroidManifest.xml:22:5-67
MERGED from [com.google.firebase:firebase-iid:11.4.0] AndroidManifest.xml:21:5-67
	android:name
		ADDED from src\main\AndroidManifest.xml:25:22-65
uses-permission#android.permission.MODIFY_AUDIO_SETTINGS
ADDED from src\main\AndroidManifest.xml:26:5-80
	android:name
		ADDED from src\main\AndroidManifest.xml:26:22-77
uses-permission#android.permission.READ_PHONE_STATE
ADDED from src\main\AndroidManifest.xml:27:5-75
	android:name
		ADDED from src\main\AndroidManifest.xml:27:22-72
uses-permission#android.permission.RECEIVE_BOOT_COMPLETED
ADDED from src\main\AndroidManifest.xml:28:5-81
	android:name
		ADDED from src\main\AndroidManifest.xml:28:22-78
uses-permission#android.permission.USE_CREDENTIALS
ADDED from src\main\AndroidManifest.xml:29:5-74
	android:name
		ADDED from src\main\AndroidManifest.xml:29:22-71
uses-permission#com.android.launcher.permission.READ_SETTINGS
ADDED from src\main\AndroidManifest.xml:30:5-85
	android:name
		ADDED from src\main\AndroidManifest.xml:30:22-82
uses-permission#android.permission.BROADCAST_STICKY
ADDED from src\main\AndroidManifest.xml:31:5-75
	android:name
		ADDED from src\main\AndroidManifest.xml:31:22-72
uses-permission#android.permission.WRITE_SETTINGS
ADDED from src\main\AndroidManifest.xml:32:5-73
	android:name
		ADDED from src\main\AndroidManifest.xml:32:22-70
uses-permission#android.permission.REQUEST_IGNORE_BATTERY_OPTIMIZATIONS
ADDED from src\main\AndroidManifest.xml:33:5-95
	android:name
		ADDED from src\main\AndroidManifest.xml:33:22-92
permission#com.hyphenate.chatuidemo.permission.MIPUSH_RECEIVE
ADDED from src\main\AndroidManifest.xml:35:5-37:55
	android:protectionLevel
		ADDED from src\main\AndroidManifest.xml:37:9-52
	android:name
		ADDED from src\main\AndroidManifest.xml:36:9-74
uses-permission#com.hyphenate.chatuidemo.permission.MIPUSH_RECEIVE
ADDED from src\main\AndroidManifest.xml:39:5-90
	android:name
		ADDED from src\main\AndroidManifest.xml:39:22-87
uses-permission#android.permission.READ_EXTERNAL_STORAGE
ADDED from src\main\AndroidManifest.xml:40:5-80
	android:name
		ADDED from src\main\AndroidManifest.xml:40:22-77
application
ADDED from src\main\AndroidManifest.xml:42:5-510:19
MERGED from [com.google.android.gms:play-services-base:11.4.0] AndroidManifest.xml:18:5-20:19
MERGED from [com.google.firebase:firebase-messaging:11.4.0] AndroidManifest.xml:19:5-29:19
MERGED from [com.scwang.smartrefresh:SmartRefreshLayout:1.0.3] AndroidManifest.xml:11:5-15:19
MERGED from [com.android.support:design:26.0.0-alpha1] AndroidManifest.xml:29:5-20
MERGED from [com.android.support:transition:26.0.0-alpha1] AndroidManifest.xml:26:5-20
MERGED from [com.android.support:cardview-v7:26.1.0] AndroidManifest.xml:22:5-26:19
MERGED from [com.mylhyl:acp:1.1.7] AndroidManifest.xml:11:5-16:19
MERGED from [com.android.support:appcompat-v7:26.0.0-alpha1] AndroidManifest.xml:29:5-20
MERGED from [com.android.support:animated-vector-drawable:26.0.0-alpha1] AndroidManifest.xml:26:5-20
MERGED from [com.android.support:support-vector-drawable:26.0.0-alpha1] AndroidManifest.xml:26:5-20
MERGED from [com.google.firebase:firebase-core:11.4.0] AndroidManifest.xml:5:5-20
MERGED from [com.google.firebase:firebase-analytics:11.4.0] AndroidManifest.xml:24:5-34:19
MERGED from [com.google.firebase:firebase-analytics-impl:11.4.0] AndroidManifest.xml:24:5-28:19
MERGED from [com.google.firebase:firebase-iid:11.4.0] AndroidManifest.xml:28:5-49:19
MERGED from [com.google.firebase:firebase-common:11.4.0] AndroidManifest.xml:4:5-7:19
MERGED from [com.google.android.gms:play-services-tasks:11.4.0] AndroidManifest.xml:4:5-19
MERGED from [com.google.android.gms:play-services-basement:11.4.0] AndroidManifest.xml:19:5-21:19
MERGED from [com.android.support:support-v4:26.0.0-alpha1] AndroidManifest.xml:29:5-20
MERGED from [com.android.support:support-media-compat:26.0.0-alpha1] AndroidManifest.xml:29:5-20
MERGED from [com.android.support:support-fragment:26.0.0-alpha1] AndroidManifest.xml:29:5-20
MERGED from [com.android.support:support-core-ui:26.0.0-alpha1] AndroidManifest.xml:29:5-20
MERGED from [com.android.support:support-core-utils:26.0.0-alpha1] AndroidManifest.xml:29:5-20
MERGED from [com.android.support:support-compat:26.0.0-alpha1] AndroidManifest.xml:29:5-20
	android:label
		ADDED from src\main\AndroidManifest.xml:46:9-41
	android:allowBackup
		ADDED from src\main\AndroidManifest.xml:44:9-35
	android:icon
		ADDED from src\main\AndroidManifest.xml:45:9-48
	android:name
		ADDED from src\main\AndroidManifest.xml:43:9-40
activity#com.hyphenate.chatuidemo.ui.MainActivity
ADDED from src\main\AndroidManifest.xml:47:9-52:55
	android:screenOrientation
		ADDED from src\main\AndroidManifest.xml:50:13-49
	android:launchMode
		ADDED from src\main\AndroidManifest.xml:49:13-44
	android:windowSoftInputMode
		ADDED from src\main\AndroidManifest.xml:52:13-52
	android:theme
		ADDED from src\main\AndroidManifest.xml:51:13-52
	android:name
		ADDED from src\main\AndroidManifest.xml:48:13-44
activity#com.hyphenate.chatuidemo.ui.SplashActivity
ADDED from src\main\AndroidManifest.xml:55:9-64:20
	android:screenOrientation
		ADDED from src\main\AndroidManifest.xml:57:13-49
	android:theme
		ADDED from src\main\AndroidManifest.xml:58:13-52
	android:name
		ADDED from src\main\AndroidManifest.xml:56:13-46
intent-filter#android.intent.action.MAIN+android.intent.category.LAUNCHER
ADDED from src\main\AndroidManifest.xml:59:13-63:29
action#android.intent.action.MAIN
ADDED from src\main\AndroidManifest.xml:60:17-69
	android:name
		ADDED from src\main\AndroidManifest.xml:60:25-66
category#android.intent.category.LAUNCHER
ADDED from src\main\AndroidManifest.xml:62:17-77
	android:name
		ADDED from src\main\AndroidManifest.xml:62:27-74
activity#com.hyphenate.chatuidemo.ui.LoginActivity
ADDED from src\main\AndroidManifest.xml:67:9-71:71
	android:screenOrientation
		ADDED from src\main\AndroidManifest.xml:69:13-49
	android:windowSoftInputMode
		ADDED from src\main\AndroidManifest.xml:71:13-68
	android:theme
		ADDED from src\main\AndroidManifest.xml:70:13-52
	android:name
		ADDED from src\main\AndroidManifest.xml:68:13-45
activity#com.hyphenate.chatuidemo.ui.RegisterActivity
ADDED from src\main\AndroidManifest.xml:74:9-78:71
	android:screenOrientation
		ADDED from src\main\AndroidManifest.xml:76:13-49
	android:windowSoftInputMode
		ADDED from src\main\AndroidManifest.xml:78:13-68
	android:theme
		ADDED from src\main\AndroidManifest.xml:77:13-52
	android:name
		ADDED from src\main\AndroidManifest.xml:75:13-48
activity#com.hyphenate.chatuidemo.ui.ChatActivity
ADDED from src\main\AndroidManifest.xml:80:9-85:58
	android:screenOrientation
		ADDED from src\main\AndroidManifest.xml:83:13-49
	android:launchMode
		ADDED from src\main\AndroidManifest.xml:82:13-44
	android:windowSoftInputMode
		ADDED from src\main\AndroidManifest.xml:85:13-55
	android:theme
		ADDED from src\main\AndroidManifest.xml:84:13-52
	android:name
		ADDED from src\main\AndroidManifest.xml:81:13-44
activity#com.hyphenate.chatuidemo.ui.AddContactActivity
ADDED from src\main\AndroidManifest.xml:87:9-91:58
	android:screenOrientation
		ADDED from src\main\AndroidManifest.xml:89:13-49
	android:windowSoftInputMode
		ADDED from src\main\AndroidManifest.xml:91:13-55
	android:theme
		ADDED from src\main\AndroidManifest.xml:90:13-52
	android:name
		ADDED from src\main\AndroidManifest.xml:88:13-50
activity#com.hyphenate.chatuidemo.ui.GroupDetailsActivity
ADDED from src\main\AndroidManifest.xml:93:9-96:55
	android:screenOrientation
		ADDED from src\main\AndroidManifest.xml:95:13-49
	android:theme
		ADDED from src\main\AndroidManifest.xml:96:13-52
	android:name
		ADDED from src\main\AndroidManifest.xml:94:13-52
activity#com.hyphenate.chatuidemo.ui.GroupsActivity
ADDED from src\main\AndroidManifest.xml:98:9-102:55
	android:screenOrientation
		ADDED from src\main\AndroidManifest.xml:100:13-49
	android:windowSoftInputMode
		ADDED from src\main\AndroidManifest.xml:102:13-52
	android:theme
		ADDED from src\main\AndroidManifest.xml:101:13-52
	android:name
		ADDED from src\main\AndroidManifest.xml:99:13-46
activity#com.hyphenate.chatuidemo.ui.ChatRoomDetailsActivity
ADDED from src\main\AndroidManifest.xml:105:9-108:55
	android:screenOrientation
		ADDED from src\main\AndroidManifest.xml:107:13-49
	android:theme
		ADDED from src\main\AndroidManifest.xml:108:13-52
	android:name
		ADDED from src\main\AndroidManifest.xml:106:13-55
activity#com.hyphenate.chatuidemo.ui.NewChatRoomActivity
ADDED from src\main\AndroidManifest.xml:110:9-114:55
	android:screenOrientation
		ADDED from src\main\AndroidManifest.xml:112:13-49
	android:windowSoftInputMode
		ADDED from src\main\AndroidManifest.xml:114:13-52
	android:theme
		ADDED from src\main\AndroidManifest.xml:113:13-52
	android:name
		ADDED from src\main\AndroidManifest.xml:111:13-51
activity#com.hyphenate.chatuidemo.ui.NewGroupActivity
ADDED from src\main\AndroidManifest.xml:117:9-121:55
	android:screenOrientation
		ADDED from src\main\AndroidManifest.xml:119:13-49
	android:windowSoftInputMode
		ADDED from src\main\AndroidManifest.xml:121:13-52
	android:theme
		ADDED from src\main\AndroidManifest.xml:120:13-52
	android:name
		ADDED from src\main\AndroidManifest.xml:118:13-48
activity#com.hyphenate.chatuidemo.ui.ExitGroupDialog
ADDED from src\main\AndroidManifest.xml:123:9-126:58
	android:screenOrientation
		ADDED from src\main\AndroidManifest.xml:125:13-49
	android:theme
		ADDED from src\main\AndroidManifest.xml:126:13-55
	android:name
		ADDED from src\main\AndroidManifest.xml:124:13-47
activity#com.hyphenate.chatuidemo.ui.GroupPickContactsActivity
ADDED from src\main\AndroidManifest.xml:128:9-132:55
	android:screenOrientation
		ADDED from src\main\AndroidManifest.xml:130:13-49
	android:windowSoftInputMode
		ADDED from src\main\AndroidManifest.xml:132:13-52
	android:theme
		ADDED from src\main\AndroidManifest.xml:131:13-52
	android:name
		ADDED from src\main\AndroidManifest.xml:129:13-57
activity#com.hyphenate.chatuidemo.ui.PickAtUserActivity
ADDED from src\main\AndroidManifest.xml:133:9-136:55
	android:screenOrientation
		ADDED from src\main\AndroidManifest.xml:135:13-49
	android:theme
		ADDED from src\main\AndroidManifest.xml:136:13-52
	android:name
		ADDED from src\main\AndroidManifest.xml:134:13-50
activity#com.hyphenate.easeui.ui.EaseBaiduMapActivity
ADDED from src\main\AndroidManifest.xml:138:9-141:55
	android:screenOrientation
		ADDED from src\main\AndroidManifest.xml:140:13-49
	android:theme
		ADDED from src\main\AndroidManifest.xml:141:13-52
	android:name
		ADDED from src\main\AndroidManifest.xml:139:13-72
activity#com.hyphenate.chatuidemo.ui.NewFriendsMsgActivity
ADDED from src\main\AndroidManifest.xml:144:9-147:55
	android:screenOrientation
		ADDED from src\main\AndroidManifest.xml:146:13-49
	android:theme
		ADDED from src\main\AndroidManifest.xml:147:13-52
	android:name
		ADDED from src\main\AndroidManifest.xml:145:13-53
activity#com.hyphenate.chatuidemo.ui.ForwardMessageActivity
ADDED from src\main\AndroidManifest.xml:149:9-153:55
	android:screenOrientation
		ADDED from src\main\AndroidManifest.xml:151:13-49
	android:windowSoftInputMode
		ADDED from src\main\AndroidManifest.xml:153:13-52
	android:theme
		ADDED from src\main\AndroidManifest.xml:152:13-52
	android:name
		ADDED from src\main\AndroidManifest.xml:150:13-54
activity#com.hyphenate.chatuidemo.ui.ContextMenuActivity
ADDED from src\main\AndroidManifest.xml:155:9-158:52
	android:screenOrientation
		ADDED from src\main\AndroidManifest.xml:157:13-49
	android:theme
		ADDED from src\main\AndroidManifest.xml:158:13-49
	android:name
		ADDED from src\main\AndroidManifest.xml:156:13-51
activity#com.hyphenate.easeui.ui.EaseShowBigImageActivity
ADDED from src\main\AndroidManifest.xml:160:9-163:55
	android:screenOrientation
		ADDED from src\main\AndroidManifest.xml:162:13-49
	android:theme
		ADDED from src\main\AndroidManifest.xml:163:13-52
	android:name
		ADDED from src\main\AndroidManifest.xml:161:13-76
activity#com.hyphenate.easeui.ui.EaseShowNormalFileActivity
ADDED from src\main\AndroidManifest.xml:165:9-168:55
	android:screenOrientation
		ADDED from src\main\AndroidManifest.xml:167:13-49
	android:theme
		ADDED from src\main\AndroidManifest.xml:168:13-52
	android:name
		ADDED from src\main\AndroidManifest.xml:166:13-78
activity#com.hyphenate.chatuidemo.ui.BlacklistActivity
ADDED from src\main\AndroidManifest.xml:170:9-173:55
	android:screenOrientation
		ADDED from src\main\AndroidManifest.xml:172:13-49
	android:theme
		ADDED from src\main\AndroidManifest.xml:173:13-52
	android:name
		ADDED from src\main\AndroidManifest.xml:171:13-49
activity#com.hyphenate.chatuidemo.ui.PublicGroupsActivity
ADDED from src\main\AndroidManifest.xml:176:9-180:55
	android:screenOrientation
		ADDED from src\main\AndroidManifest.xml:178:13-49
	android:windowSoftInputMode
		ADDED from src\main\AndroidManifest.xml:180:13-52
	android:theme
		ADDED from src\main\AndroidManifest.xml:179:13-52
	android:name
		ADDED from src\main\AndroidManifest.xml:177:13-52
activity#com.hyphenate.chatuidemo.ui.PublicChatRoomsActivity
ADDED from src\main\AndroidManifest.xml:181:9-185:55
	android:screenOrientation
		ADDED from src\main\AndroidManifest.xml:183:13-49
	android:windowSoftInputMode
		ADDED from src\main\AndroidManifest.xml:185:13-52
	android:theme
		ADDED from src\main\AndroidManifest.xml:184:13-52
	android:name
		ADDED from src\main\AndroidManifest.xml:182:13-55
activity#com.hyphenate.chatuidemo.ui.VoiceCallActivity
ADDED from src\main\AndroidManifest.xml:188:9-192:51
	android:screenOrientation
		ADDED from src\main\AndroidManifest.xml:191:13-49
	android:launchMode
		ADDED from src\main\AndroidManifest.xml:190:13-44
	android:theme
		ADDED from src\main\AndroidManifest.xml:192:13-48
	android:name
		ADDED from src\main\AndroidManifest.xml:189:13-49
activity#com.hyphenate.chatuidemo.ui.VideoCallActivity
ADDED from src\main\AndroidManifest.xml:194:9-199:55
	android:screenOrientation
		ADDED from src\main\AndroidManifest.xml:198:13-49
	android:launchMode
		ADDED from src\main\AndroidManifest.xml:197:13-44
	android:configChanges
		ADDED from src\main\AndroidManifest.xml:196:13-74
	android:theme
		ADDED from src\main\AndroidManifest.xml:199:13-52
	android:name
		ADDED from src\main\AndroidManifest.xml:195:13-49
activity#com.hyphenate.chatuidemo.conference.ConferenceActivity
ADDED from src\main\AndroidManifest.xml:201:9-206:54
	android:screenOrientation
		ADDED from src\main\AndroidManifest.xml:205:13-49
	android:launchMode
		ADDED from src\main\AndroidManifest.xml:204:13-44
	android:configChanges
		ADDED from src\main\AndroidManifest.xml:203:13-74
	android:theme
		ADDED from src\main\AndroidManifest.xml:206:13-52
	android:name
		ADDED from src\main\AndroidManifest.xml:202:13-58
activity#com.hyphenate.chatuidemo.conference.ConferenceInviteJoinActivity
ADDED from src\main\AndroidManifest.xml:208:9-212:54
	android:screenOrientation
		ADDED from src\main\AndroidManifest.xml:211:13-49
	android:configChanges
		ADDED from src\main\AndroidManifest.xml:210:13-74
	android:theme
		ADDED from src\main\AndroidManifest.xml:212:13-52
	android:name
		ADDED from src\main\AndroidManifest.xml:209:13-68
activity#com.hyphenate.chatuidemo.ui.GroupSimpleDetailActivity
ADDED from src\main\AndroidManifest.xml:214:9-217:55
	android:screenOrientation
		ADDED from src\main\AndroidManifest.xml:216:13-49
	android:theme
		ADDED from src\main\AndroidManifest.xml:217:13-52
	android:name
		ADDED from src\main\AndroidManifest.xml:215:13-57
activity#com.hyphenate.chatuidemo.ui.GroupBlacklistActivity
ADDED from src\main\AndroidManifest.xml:219:9-222:55
	android:screenOrientation
		ADDED from src\main\AndroidManifest.xml:221:13-49
	android:theme
		ADDED from src\main\AndroidManifest.xml:222:13-52
	android:name
		ADDED from src\main\AndroidManifest.xml:220:13-54
activity#com.hyphenate.chatuidemo.ui.GroupSearchMessageActivity
ADDED from src\main\AndroidManifest.xml:223:9-227:58
	android:screenOrientation
		ADDED from src\main\AndroidManifest.xml:225:13-49
	android:windowSoftInputMode
		ADDED from src\main\AndroidManifest.xml:227:13-55
	android:theme
		ADDED from src\main\AndroidManifest.xml:226:13-52
	android:name
		ADDED from src\main\AndroidManifest.xml:224:13-58
activity#com.hyphenate.chatuidemo.ui.PublicGroupsSeachActivity
ADDED from src\main\AndroidManifest.xml:228:9-231:55
	android:screenOrientation
		ADDED from src\main\AndroidManifest.xml:230:13-49
	android:theme
		ADDED from src\main\AndroidManifest.xml:231:13-52
	android:name
		ADDED from src\main\AndroidManifest.xml:229:13-57
activity#com.hyphenate.chatuidemo.ui.EditActivity
ADDED from src\main\AndroidManifest.xml:232:9-236:58
	android:screenOrientation
		ADDED from src\main\AndroidManifest.xml:234:13-49
	android:windowSoftInputMode
		ADDED from src\main\AndroidManifest.xml:236:13-55
	android:theme
		ADDED from src\main\AndroidManifest.xml:235:13-52
	android:name
		ADDED from src\main\AndroidManifest.xml:233:13-44
activity#com.hyphenate.chatuidemo.ui.SharedFilesActivity
ADDED from src\main\AndroidManifest.xml:237:9-240:15
	android:screenOrientation
		ADDED from src\main\AndroidManifest.xml:238:13-49
	android:theme
		ADDED from src\main\AndroidManifest.xml:239:13-52
	android:name
		ADDED from src\main\AndroidManifest.xml:237:19-57
activity#com.hyphenate.easeui.ui.EaseShowVideoActivity
ADDED from src\main\AndroidManifest.xml:241:9-245:63
	android:screenOrientation
		ADDED from src\main\AndroidManifest.xml:243:13-49
	android:windowSoftInputMode
		ADDED from src\main\AndroidManifest.xml:245:13-60
	android:theme
		ADDED from src\main\AndroidManifest.xml:244:13-52
	android:name
		ADDED from src\main\AndroidManifest.xml:242:13-73
activity#com.hyphenate.chatuidemo.ui.ImageGridActivity
ADDED from src\main\AndroidManifest.xml:247:9-251:63
	android:screenOrientation
		ADDED from src\main\AndroidManifest.xml:249:13-49
	android:windowSoftInputMode
		ADDED from src\main\AndroidManifest.xml:251:13-60
	android:theme
		ADDED from src\main\AndroidManifest.xml:250:13-52
	android:name
		ADDED from src\main\AndroidManifest.xml:248:13-49
activity#com.hyphenate.chatuidemo.ui.RecorderVideoActivity
ADDED from src\main\AndroidManifest.xml:252:9-256:63
	android:screenOrientation
		ADDED from src\main\AndroidManifest.xml:254:13-49
	android:windowSoftInputMode
		ADDED from src\main\AndroidManifest.xml:256:13-60
	android:theme
		ADDED from src\main\AndroidManifest.xml:255:13-52
	android:name
		ADDED from src\main\AndroidManifest.xml:253:13-53
activity#com.hyphenate.chatuidemo.ui.DiagnoseActivity
ADDED from src\main\AndroidManifest.xml:258:9-262:63
	android:screenOrientation
		ADDED from src\main\AndroidManifest.xml:260:13-49
	android:windowSoftInputMode
		ADDED from src\main\AndroidManifest.xml:262:13-60
	android:theme
		ADDED from src\main\AndroidManifest.xml:261:13-52
	android:name
		ADDED from src\main\AndroidManifest.xml:259:13-48
activity#com.hyphenate.chatuidemo.ui.MultiDeviceActivity
ADDED from src\main\AndroidManifest.xml:263:9-266:68
	android:screenOrientation
		ADDED from src\main\AndroidManifest.xml:264:19-55
	android:windowSoftInputMode
		ADDED from src\main\AndroidManifest.xml:266:19-66
	android:theme
		ADDED from src\main\AndroidManifest.xml:265:19-58
	android:name
		ADDED from src\main\AndroidManifest.xml:263:19-57
activity#com.hyphenate.chatuidemo.ui.NamePasswordActivity
ADDED from src\main\AndroidManifest.xml:267:9-269:60
	android:screenOrientation
		ADDED from src\main\AndroidManifest.xml:268:19-55
	android:theme
		ADDED from src\main\AndroidManifest.xml:269:19-58
	android:name
		ADDED from src\main\AndroidManifest.xml:267:19-58
activity#com.hyphenate.chatuidemo.ui.OfflinePushNickActivity
ADDED from src\main\AndroidManifest.xml:272:9-276:63
	android:screenOrientation
		ADDED from src\main\AndroidManifest.xml:274:13-49
	android:windowSoftInputMode
		ADDED from src\main\AndroidManifest.xml:276:13-60
	android:theme
		ADDED from src\main\AndroidManifest.xml:275:13-52
	android:name
		ADDED from src\main\AndroidManifest.xml:273:13-55
activity#com.hyphenate.chatuidemo.ui.RobotsActivity
ADDED from src\main\AndroidManifest.xml:278:9-282:63
	android:screenOrientation
		ADDED from src\main\AndroidManifest.xml:280:13-49
	android:windowSoftInputMode
		ADDED from src\main\AndroidManifest.xml:282:13-60
	android:theme
		ADDED from src\main\AndroidManifest.xml:281:13-52
	android:name
		ADDED from src\main\AndroidManifest.xml:279:13-46
activity#com.hyphenate.chatuidemo.ui.UserProfileActivity
ADDED from src\main\AndroidManifest.xml:284:9-287:55
	android:screenOrientation
		ADDED from src\main\AndroidManifest.xml:286:13-49
	android:theme
		ADDED from src\main\AndroidManifest.xml:287:13-52
	android:name
		ADDED from src\main\AndroidManifest.xml:285:13-51
activity#com.hyphenate.chatuidemo.ui.SetServersActivity
ADDED from src\main\AndroidManifest.xml:288:9-291:55
	android:screenOrientation
		ADDED from src\main\AndroidManifest.xml:290:13-49
	android:theme
		ADDED from src\main\AndroidManifest.xml:291:13-52
	android:name
		ADDED from src\main\AndroidManifest.xml:289:13-50
activity#com.hyphenate.chatuidemo.ui.OfflinePushSettingsActivity
ADDED from src\main\AndroidManifest.xml:292:9-295:55
	android:screenOrientation
		ADDED from src\main\AndroidManifest.xml:294:13-49
	android:theme
		ADDED from src\main\AndroidManifest.xml:295:13-52
	android:name
		ADDED from src\main\AndroidManifest.xml:293:13-59
activity#com.hyphenate.chatuidemo.ui.CallOptionActivity
ADDED from src\main\AndroidManifest.xml:296:9-299:55
	android:screenOrientation
		ADDED from src\main\AndroidManifest.xml:298:13-49
	android:theme
		ADDED from src\main\AndroidManifest.xml:299:13-52
	android:name
		ADDED from src\main\AndroidManifest.xml:297:13-50
activity#com.easemob.redpacketui.ui.activity.RPRedPacketActivity
ADDED from src\main\AndroidManifest.xml:303:9-307:68
	android:screenOrientation
		ADDED from src\main\AndroidManifest.xml:305:13-49
	android:windowSoftInputMode
		ADDED from src\main\AndroidManifest.xml:307:13-65
	android:theme
		ADDED from src\main\AndroidManifest.xml:306:13-52
	android:name
		ADDED from src\main\AndroidManifest.xml:304:13-83
activity#com.easemob.redpacketui.ui.activity.RPDetailActivity
ADDED from src\main\AndroidManifest.xml:309:9-313:55
	android:screenOrientation
		ADDED from src\main\AndroidManifest.xml:311:13-49
	android:windowSoftInputMode
		ADDED from src\main\AndroidManifest.xml:313:13-52
	android:theme
		ADDED from src\main\AndroidManifest.xml:312:13-52
	android:name
		ADDED from src\main\AndroidManifest.xml:310:13-80
activity#com.easemob.redpacketui.ui.activity.RPRecordActivity
ADDED from src\main\AndroidManifest.xml:315:9-319:55
	android:screenOrientation
		ADDED from src\main\AndroidManifest.xml:317:13-49
	android:windowSoftInputMode
		ADDED from src\main\AndroidManifest.xml:319:13-52
	android:theme
		ADDED from src\main\AndroidManifest.xml:318:13-52
	android:name
		ADDED from src\main\AndroidManifest.xml:316:13-80
activity#com.easemob.redpacketui.ui.activity.RPGroupMemberActivity
ADDED from src\main\AndroidManifest.xml:321:9-325:67
	android:screenOrientation
		ADDED from src\main\AndroidManifest.xml:323:13-49
	android:windowSoftInputMode
		ADDED from src\main\AndroidManifest.xml:325:13-64
	android:theme
		ADDED from src\main\AndroidManifest.xml:324:13-52
	android:name
		ADDED from src\main\AndroidManifest.xml:322:13-85
activity#com.alipay.sdk.app.H5PayActivity